<?xml version="1.0" encoding="UTF-8"?>
<testng-results skipped="0" failed="1" ignored="0" total="2" passed="1">
  <reporter-output>
  </reporter-output>
  <suite name="Suite" duration-ms="25155" started-at="2017-09-24T09:30:41Z" finished-at="2017-09-24T09:31:06Z">
    <groups>
    </groups>
    <test name="Test" duration-ms="25155" started-at="2017-09-24T09:30:41Z" finished-at="2017-09-24T09:31:06Z">
      <class name="com.automationtesting.testcases.PlaceOrderTest">
        <test-method status="PASS" signature="init()[pri:0, instance:com.automationtesting.testcases.PlaceOrderTest@735b478]" name="init" is-config="true" duration-ms="32083" started-at="2017-09-24T15:00:09Z" finished-at="2017-09-24T15:00:41Z">
          <reporter-output>
          </reporter-output>
        </test-method> <!-- init -->
        <test-method status="FAIL" signature="carousel()[pri:0, instance:com.automationtesting.testcases.PlaceOrderTest@735b478]" name="carousel" duration-ms="59" started-at="2017-09-24T15:00:41Z" finished-at="2017-09-24T15:00:41Z">
          <exception class="java.lang.AssertionError">
            <message>
              <![CDATA[expected [Title] but found [Automation Practice Site]]]>
            </message>
            <full-stacktrace>
              <![CDATA[java.lang.AssertionError: expected [Title] but found [Automation Practice Site]
	at org.testng.Assert.fail(Assert.java:93)
	at org.testng.Assert.failNotEquals(Assert.java:512)
	at org.testng.Assert.assertEqualsImpl(Assert.java:134)
	at org.testng.Assert.assertEquals(Assert.java:115)
	at org.testng.Assert.assertEquals(Assert.java:189)
	at org.testng.Assert.assertEquals(Assert.java:199)
	at com.automationtesting.basetest.BaseTest.verifyTitle(BaseTest.java:107)
	at com.automationtesting.testcases.PlaceOrderTest.carousel(PlaceOrderTest.java:50)
	at sun.reflect.NativeMethodAccessorImpl.invoke0(Native Method)
	at sun.reflect.NativeMethodAccessorImpl.invoke(NativeMethodAccessorImpl.java:62)
	at sun.reflect.DelegatingMethodAccessorImpl.invoke(DelegatingMethodAccessorImpl.java:43)
	at java.lang.reflect.Method.invoke(Method.java:498)
	at org.testng.internal.MethodInvocationHelper.invokeMethod(MethodInvocationHelper.java:108)
	at org.testng.internal.Invoker.invokeMethod(Invoker.java:661)
	at org.testng.internal.Invoker.invokeTestMethod(Invoker.java:869)
	at org.testng.internal.Invoker.invokeTestMethods(Invoker.java:1193)
	at org.testng.internal.TestMethodWorker.invokeTestMethods(TestMethodWorker.java:126)
	at org.testng.internal.TestMethodWorker.run(TestMethodWorker.java:109)
	at org.testng.TestRunner.privateRun(TestRunner.java:744)
	at org.testng.TestRunner.run(TestRunner.java:602)
	at org.testng.SuiteRunner.runTest(SuiteRunner.java:380)
	at org.testng.SuiteRunner.runSequentially(SuiteRunner.java:375)
	at org.testng.SuiteRunner.privateRun(SuiteRunner.java:340)
	at org.testng.SuiteRunner.run(SuiteRunner.java:289)
	at org.testng.SuiteRunnerWorker.runSuite(SuiteRunnerWorker.java:52)
	at org.testng.SuiteRunnerWorker.run(SuiteRunnerWorker.java:86)
	at org.testng.TestNG.runSuitesSequentially(TestNG.java:1301)
	at org.testng.TestNG.runSuitesLocally(TestNG.java:1226)
	at org.testng.TestNG.runSuites(TestNG.java:1144)
	at org.testng.TestNG.run(TestNG.java:1115)
	at org.apache.maven.surefire.testng.TestNGExecutor.run(TestNGExecutor.java:283)
	at org.apache.maven.surefire.testng.TestNGXmlTestSuite.execute(TestNGXmlTestSuite.java:75)
	at org.apache.maven.surefire.testng.TestNGProvider.invoke(TestNGProvider.java:120)
	at org.apache.maven.surefire.booter.ForkedBooter.invokeProviderInSameClassLoader(ForkedBooter.java:373)
	at org.apache.maven.surefire.booter.ForkedBooter.runSuitesInProcess(ForkedBooter.java:334)
	at org.apache.maven.surefire.booter.ForkedBooter.execute(ForkedBooter.java:119)
	at org.apache.maven.surefire.booter.ForkedBooter.main(ForkedBooter.java:407)
]]>
            </full-stacktrace>
          </exception> <!-- java.lang.AssertionError -->
          <reporter-output>
          </reporter-output>
        </test-method> <!-- carousel -->
        <test-method status="PASS" signature="getResult(org.testng.ITestResult)[pri:0, instance:com.automationtesting.testcases.PlaceOrderTest@735b478]" name="getResult" is-config="true" duration-ms="483" started-at="2017-09-24T15:00:41Z" finished-at="2017-09-24T15:00:41Z">
          <params>
            <param index="0">
              <value>
                <![CDATA[[TestResult name=carousel status=FAILURE method=PlaceOrderTest.carousel()[pri:0, instance:com.automationtesting.testcases.PlaceOrderTest@735b478] output={null}]]]>
              </value>
            </param>
          </params>
          <reporter-output>
          </reporter-output>
        </test-method> <!-- getResult -->
        <test-method status="PASS" signature="placeOrder()[pri:0, instance:com.automationtesting.testcases.PlaceOrderTest@735b478]" name="placeOrder" duration-ms="24568" started-at="2017-09-24T15:00:41Z" finished-at="2017-09-24T15:01:06Z">
          <reporter-output>
          </reporter-output>
        </test-method> <!-- placeOrder -->
        <test-method status="PASS" signature="getResult(org.testng.ITestResult)[pri:0, instance:com.automationtesting.testcases.PlaceOrderTest@735b478]" name="getResult" is-config="true" duration-ms="1" started-at="2017-09-24T15:01:06Z" finished-at="2017-09-24T15:01:06Z">
          <params>
            <param index="0">
              <value>
                <![CDATA[[TestResult name=placeOrder status=SUCCESS method=PlaceOrderTest.placeOrder()[pri:0, instance:com.automationtesting.testcases.PlaceOrderTest@735b478] output={null}]]]>
              </value>
            </param>
          </params>
          <reporter-output>
          </reporter-output>
        </test-method> <!-- getResult -->
        <test-method status="PASS" signature="tearDown()[pri:0, instance:com.automationtesting.testcases.PlaceOrderTest@735b478]" name="tearDown" is-config="true" duration-ms="806" started-at="2017-09-24T15:01:06Z" finished-at="2017-09-24T15:01:07Z">
          <reporter-output>
          </reporter-output>
        </test-method> <!-- tearDown -->
      </class> <!-- com.automationtesting.testcases.PlaceOrderTest -->
    </test> <!-- Test -->
  </suite> <!-- Suite -->
</testng-results>
